<?xml version="1.0" encoding="UTF-8"?>
<testsuite xmlns:xsi="http://www.w3.org/2001/XMLSchema-instance" xsi:noNamespaceSchemaLocation="https://maven.apache.org/surefire/maven-surefire-plugin/xsd/surefire-test-report-3.0.xsd" version="3.0" name="com.treblle.wso2publisher.handlers.PublisherClientTest" time="0.005" tests="8" errors="0" skipped="0" failures="0">
  <properties>
[...]
</properties>
  <testcase name="maskKeywordInJson_MasksSingleKeyword" classname="com.treblle.wso2publisher.handlers.PublisherClientTest" time="0.001">
    <system-out><![CDATA[[com.treblle.wso2publisher.handlers.PublisherClient] DEBUG : Masking keywords: [password, pwd, secret, password_confirmation, cc, card_number, ccv, ssn, credit_score]
]]></system-out>
  </testcase>
  <testcase name="maskKeywordInJson_MasksNestedKeyword" classname="com.treblle.wso2publisher.handlers.PublisherClientTest" time="0.001">
    <system-out><![CDATA[[com.treblle.wso2publisher.handlers.PublisherClient] DEBUG : Masking keywords: [password, pwd, secret, password_confirmation, cc, card_number, ccv, ssn, credit_score]
]]></system-out>
  </testcase>
  <testcase name="getNextBaseUrl_AlwaysReturnsNonNull" classname="com.treblle.wso2publisher.handlers.PublisherClientTest" time="0">
    <system-out><![CDATA[[com.treblle.wso2publisher.handlers.PublisherClient] DEBUG : Masking keywords: [password, pwd, secret, password_confirmation, cc, card_number, ccv, ssn, credit_score]
]]></system-out>
  </testcase>
  <testcase name="getNextBaseUrl_ReturnsValidUrl" classname="com.treblle.wso2publisher.handlers.PublisherClientTest" time="0">
    <system-out><![CDATA[[com.treblle.wso2publisher.handlers.PublisherClient] DEBUG : Masking keywords: [password, pwd, secret, password_confirmation, cc, card_number, ccv, ssn, credit_score]
]]></system-out>
  </testcase>
  <testcase name="getNextBaseUrl_MultipleCalls_ReturnsAllUrls" classname="com.treblle.wso2publisher.handlers.PublisherClientTest" time="0">
    <system-out><![CDATA[[com.treblle.wso2publisher.handlers.PublisherClient] DEBUG : Masking keywords: [password, pwd, secret, password_confirmation, cc, card_number, ccv, ssn, credit_score]
]]></system-out>
  </testcase>
  <testcase name="buildRequestBody_AppliesPerApiMaskKeywords" classname="com.treblle.wso2publisher.handlers.PublisherClientTest" time="0.002">
    <system-out><![CDATA[[com.treblle.wso2publisher.handlers.PublisherClient] DEBUG : Masking keywords: [password, pwd, secret, password_confirmation, cc, card_number, ccv, ssn, credit_score]
]]></system-out>
  </testcase>
  <testcase name="maskKeywordInJson_HandlesEmptyJsonObject" classname="com.treblle.wso2publisher.handlers.PublisherClientTest" time="0">
    <system-out><![CDATA[[com.treblle.wso2publisher.handlers.PublisherClient] DEBUG : Masking keywords: [password, pwd, secret, password_confirmation, cc, card_number, ccv, ssn, credit_score]
]]></system-out>
  </testcase>
  <testcase name="maskKeywordInJson_DoesNotMaskNonMatchingKeyword" classname="com.treblle.wso2publisher.handlers.PublisherClientTest" time="0">
    <system-out><![CDATA[[com.treblle.wso2publisher.handlers.PublisherClient] DEBUG : Masking keywords: [password, pwd, secret, password_confirmation, cc, card_number, ccv, ssn, credit_score]
]]></system-out>
  </testcase>
</testsuite>